[LOGGING] [-1] [INFO] [OSHLifeCycleManager] : [Using random seed 0xd1ce5b]
[7b82] [LOGGING] [-1] [INFO] [OSHLifeCycleManager] : [...starting EAL-layer]
[7b82] [LOGGING] [-1] [INFO] [HALManager] : [...loading EAL configuration]
[7b82] [LOGGING] [0] [INFO] [HALManager] : [...creating EAL-BUS-devices...]
[7b82] [LOGGING] [0] [INFO] [HALManager] : [AssignedBusDevice - UUID - 00000000-c306-4fea-a487-1c48adc52ad4 - BusManager loaded ...... [OK]]
[7b82] [LOGGING] [0] [INFO] [HALManager] : [AssignedBusDevice - UUID - 00000000-c306-4fea-a487-1c48adc52ad4 - BusDriver loaded ...... [OK]]
[7b82] [LOGGING] [0] [INFO] [HALManager] : [...creating EAL-BUS-devices... [DONE]]
[7b82] [LOGGING] [0] [INFO] [HALManager] : [...creating EAL-device-drivers]
[7b82] [LOGGING] [0] [INFO] [HALManager] : [BaseloadSimulationDriver - UUID - 00000000-0000-5348-424c-000000000000 - Driver loaded ...... [OK]]
[7b82] [LOGGING] [0] [INFO] [HALManager] : [BaseloadSimulationDriver - UUID - 00000000-0000-5348-424c-000000000000 - LocalObserver loaded ...... [OK]]
[7b82] [LOGGING] [0] [DEBUG] [GenericFutureApplianceSimulationDriver] : [null : performAction: change from null to OFF (00000000-4d49-4d49-4948-000000000000)]
[7b82] [LOGGING] [0] [DEBUG] [GenericFutureApplianceSimulationDriver] : [null : switched OFF @0]
[7b82] [LOGGING] [0] [INFO] [HALManager] : [GenericFutureApplianceSimulationDriver - UUID - 00000000-4d49-4d49-4948-000000000000 - Driver loaded ...... [OK]]
[7b82] [LOGGING] [0] [INFO] [HALManager] : [GenericFutureApplianceSimulationDriver - UUID - 00000000-4d49-4d49-4948-000000000000 - LocalController loaded ...... [OK]]
[7b82] [LOGGING] [0] [INFO] [HALManager] : [GenericFutureApplianceSimulationDriver - UUID - 00000000-4d49-4d49-4948-000000000000 - LocalObserver loaded ...... [OK]]
[7b82] [LOGGING] [0] [DEBUG] [GenericFutureApplianceSimulationDriver] : [null : performAction: change from null to OFF (00000000-4d49-4d49-4457-000000000000)]
[7b82] [LOGGING] [0] [DEBUG] [GenericFutureApplianceSimulationDriver] : [null : switched OFF @0]
[7b82] [LOGGING] [0] [INFO] [HALManager] : [GenericFutureApplianceSimulationDriver - UUID - 00000000-4d49-4d49-4457-000000000000 - Driver loaded ...... [OK]]
[7b82] [LOGGING] [0] [INFO] [HALManager] : [GenericFutureApplianceSimulationDriver - UUID - 00000000-4d49-4d49-4457-000000000000 - LocalController loaded ...... [OK]]
[7b82] [LOGGING] [0] [INFO] [HALManager] : [GenericFutureApplianceSimulationDriver - UUID - 00000000-4d49-4d49-4457-000000000000 - LocalObserver loaded ...... [OK]]
[7b82] [LOGGING] [0] [DEBUG] [GenericFutureApplianceSimulationDriver] : [null : performAction: change from null to OFF (00000000-4d49-4d49-4f56-000000000000)]
[7b82] [LOGGING] [0] [DEBUG] [GenericFutureApplianceSimulationDriver] : [null : switched OFF @0]
[7b82] [LOGGING] [0] [INFO] [HALManager] : [GenericFutureApplianceSimulationDriver - UUID - 00000000-4d49-4d49-4f56-000000000000 - Driver loaded ...... [OK]]
[7b82] [LOGGING] [0] [INFO] [HALManager] : [GenericFutureApplianceSimulationDriver - UUID - 00000000-4d49-4d49-4f56-000000000000 - LocalController loaded ...... [OK]]
[7b82] [LOGGING] [0] [INFO] [HALManager] : [GenericFutureApplianceSimulationDriver - UUID - 00000000-4d49-4d49-4f56-000000000000 - LocalObserver loaded ...... [OK]]
[7b82] [LOGGING] [0] [DEBUG] [GenericFutureApplianceSimulationDriver] : [null : performAction: change from null to OFF (00000000-4d49-4d49-5444-000000000000)]
[7b82] [LOGGING] [0] [DEBUG] [GenericFutureApplianceSimulationDriver] : [null : switched OFF @0]
[7b82] [LOGGING] [0] [INFO] [HALManager] : [GenericFutureApplianceSimulationDriver - UUID - 00000000-4d49-4d49-5444-000000000000 - Driver loaded ...... [OK]]
[7b82] [LOGGING] [0] [INFO] [HALManager] : [GenericFutureApplianceSimulationDriver - UUID - 00000000-4d49-4d49-5444-000000000000 - LocalController loaded ...... [OK]]
[7b82] [LOGGING] [0] [INFO] [HALManager] : [GenericFutureApplianceSimulationDriver - UUID - 00000000-4d49-4d49-5444-000000000000 - LocalObserver loaded ...... [OK]]
[7b82] [LOGGING] [0] [DEBUG] [GenericFutureApplianceSimulationDriver] : [null : performAction: change from null to OFF (00000000-4d49-4d49-574d-000000000000)]
[7b82] [LOGGING] [0] [DEBUG] [GenericFutureApplianceSimulationDriver] : [null : switched OFF @0]
[7b82] [LOGGING] [0] [INFO] [HALManager] : [GenericFutureApplianceSimulationDriver - UUID - 00000000-4d49-4d49-574d-000000000000 - Driver loaded ...... [OK]]
[7b82] [LOGGING] [0] [INFO] [HALManager] : [GenericFutureApplianceSimulationDriver - UUID - 00000000-4d49-4d49-574d-000000000000 - LocalController loaded ...... [OK]]
[7b82] [LOGGING] [0] [INFO] [HALManager] : [GenericFutureApplianceSimulationDriver - UUID - 00000000-4d49-4d49-574d-000000000000 - LocalObserver loaded ...... [OK]]
[7b82] [LOGGING] [0] [INFO] [HALManager] : [PvSimulationDriverHollData - UUID - 484f4c4c-0000-0000-5056-000000000000 - Driver loaded ...... [OK]]
[7b82] [LOGGING] [0] [INFO] [HALManager] : [PvSimulationDriverHollData - UUID - 484f4c4c-0000-0000-5056-000000000000 - LocalObserver loaded ...... [OK]]
[7b82] [LOGGING] [0] [INFO] [HALManager] : [DachsChpSimulationDriver - UUID - 44414348-5300-0043-4850-000000000000 - Driver loaded ...... [OK]]
[7b82] [LOGGING] [0] [INFO] [HALManager] : [DachsChpSimulationDriver - UUID - 44414348-5300-0043-4850-000000000000 - LocalController loaded ...... [OK]]
[7b82] [LOGGING] [0] [INFO] [HALManager] : [DachsChpSimulationDriver - UUID - 44414348-5300-0043-4850-000000000000 - LocalObserver loaded ...... [OK]]
[7b82] [LOGGING] [0] [INFO] [HALManager] : [HotWaterTankSimulationDriver - UUID - 00000000-0000-4857-4853-000000000000 - Driver loaded ...... [OK]]
[7b82] [LOGGING] [0] [INFO] [HALManager] : [HotWaterTankSimulationDriver - UUID - 00000000-0000-4857-4853-000000000000 - LocalObserver loaded ...... [OK]]
[7b82] [LOGGING] [0] [INFO] [HALManager] : [VDI6002DomesticHotWaterSimulationDriver - UUID - 00000000-0000-5348-4448-000000000000 - Driver loaded ...... [OK]]
[7b82] [LOGGING] [0] [INFO] [HALManager] : [VDI6002DomesticHotWaterSimulationDriver - UUID - 00000000-0000-5348-4448-000000000000 - LocalObserver loaded ...... [OK]]
[7b82] [LOGGING] [0] [INFO] [HALManager] : [ESHLSpaceHeatingSimulationDriver - UUID - 00000000-0000-5348-5348-000000000000 - Driver loaded ...... [OK]]
[7b82] [LOGGING] [0] [INFO] [HALManager] : [ESHLSpaceHeatingSimulationDriver - UUID - 00000000-0000-5348-5348-000000000000 - LocalObserver loaded ...... [OK]]
[7b82] [LOGGING] [0] [INFO] [HALManager] : [GasBoilerSimulationDriver - UUID - 00000000-0000-5748-4748-000000000000 - Driver loaded ...... [OK]]
[7b82] [LOGGING] [0] [INFO] [HALManager] : [GasBoilerSimulationDriver - UUID - 00000000-0000-5748-4748-000000000000 - LocalObserver loaded ...... [OK]]
[7b82] [LOGGING] [0] [INFO] [HALManager] : [...creating EAL-device-drivers... [DONE]]
[7b82] [LOGGING] [0] [INFO] [HALManager] : [...creating EAL-SimulationEngine...]
[7b82] [LOGGING] [0] [INFO] [HALManager] : [...creating EAL-SimulationEngine... [DONE]]
[7b82] [LOGGING] [0] [INFO] [HALManager] : [...EAL-layer is up!]
[7b82] [LOGGING] [0] [INFO] [OSHLifeCycleManager] : [...starting O/C-layer]
[7b82] [LOGGING] [0] [INFO] [OCManager] : [...initializing OC Manager of Organic Smart Home]
[7b82] [LOGGING] [0] [INFO] [OCManager] : [...creating local units]
[7b82] [LOGGING] [0] [INFO] [OCManager] : [...creating global O/C-units]
[7b82] [LOGGING] [0] [DEBUG] [OSHGlobalControllerJMetal] : [Optimization StepSize = 60]
[7b82] [LOGGING] [0] [INFO] [OSHLifeCycleManager] : [...starting CAL-layer]
[7b82] [LOGGING] [0] [INFO] [CALManager] : [...creating CAL-COM-devices...]
[7b82] [LOGGING] [0] [INFO] [CALManager] : [AssignedComDevice - UUID - 6e95bc70-57cb-11e1-b86c-0800200c9a66 - ComManager loaded ...... [OK]]
[7b82] [LOGGING] [0] [INFO] [CALManager] : [AssignedComDevice - UUID - 6e95bc70-57cb-11e1-b86c-0800200c9a66 - ComDriver loaded ...... [OK]]
[7b82] [LOGGING] [0] [INFO] [CALManager] : [AssignedComDevice - UUID - 0909624f-c281-4713-8bbf-a8eaf3f8e7d6 - ComManager loaded ...... [OK]]
[7b82] [LOGGING] [0] [INFO] [CALManager] : [AssignedComDevice - UUID - 0909624f-c281-4713-8bbf-a8eaf3f8e7d6 - ComDriver loaded ...... [OK]]
[7b82] [LOGGING] [0] [INFO] [CALManager] : [AssignedComDevice - UUID - 99999999-c281-4713-8bbf-a8eaf3f8e7d6 - ComManager loaded ...... [OK]]
[7b82] [LOGGING] [0] [INFO] [CALManager] : [AssignedComDevice - UUID - 99999999-c281-4713-8bbf-a8eaf3f8e7d6 - ComDriver loaded ...... [OK]]
[7b82] [LOGGING] [0] [INFO] [CALManager] : [...creating CAL-COM-devices... [DONE]]
[7b82] [LOGGING] [0] [INFO] [CALManager] : [...CAL-layer is up!]
[7b82] [LOGGING] [0] [DEBUG] [HALRealTimeDriver] : [registerComponent:osh.mgmt.localcontroller.FutureApplianceLocalController@1522d8a0 refreshFrequency:1]
[7b82] [LOGGING] [0] [DEBUG] [HALRealTimeDriver] : [registerComponent:osh.mgmt.localcontroller.FutureApplianceLocalController@246f8b8b refreshFrequency:1]
[7b82] [LOGGING] [0] [DEBUG] [HALRealTimeDriver] : [registerComponent:osh.mgmt.localcontroller.FutureApplianceLocalController@278bb07e refreshFrequency:1]
[7b82] [LOGGING] [0] [DEBUG] [HALRealTimeDriver] : [registerComponent:osh.mgmt.localcontroller.FutureApplianceLocalController@4351c8c3 refreshFrequency:1]
[7b82] [LOGGING] [0] [DEBUG] [HALRealTimeDriver] : [registerComponent:osh.mgmt.localcontroller.FutureApplianceLocalController@3381b4fc refreshFrequency:1]
[7b82] [LOGGING] [0] [DEBUG] [HALRealTimeDriver] : [registerComponent:osh.mgmt.localobserver.DachsChpLocalObserver@6bea52d4 refreshFrequency:1]
[7b82] [LOGGING] [0] [DEBUG] [HALRealTimeDriver] : [registerComponent:osh.mgmt.localcontroller.DachsChpLocalController@11981797 refreshFrequency:1]
[7b82] [LOGGING] [0] [DEBUG] [HALRealTimeDriver] : [registerComponent:osh.mgmt.localobserver.HotWaterTankLocalObserver@5c42d2b7 refreshFrequency:1]
[7b82] [LOGGING] [0] [DEBUG] [HALRealTimeDriver] : [registerComponent:osh.mgmt.localobserver.NonControllableGasBoilerLocalObserver@aeab9a1 refreshFrequency:1]
[7b82] [LOGGING] [0] [DEBUG] [HALRealTimeDriver] : [registerComponent:osh.mgmt.globalobserver.OSHGlobalObserver@40f70521 refreshFrequency:1]
[7b82] [LOGGING] [0] [DEBUG] [HALRealTimeDriver] : [registerComponent:osh.mgmt.globalcontroller.OSHGlobalControllerJMetal@72ea6193 refreshFrequency:1]
[7b82] [LOGGING] [0] [DEBUG] [HALRealTimeDriver] : [registerComponent:osh.mgmt.busmanager.simulation.SimulationLoggerBusManager@45905bff refreshFrequency:1]
[7b82] [LOGGING] [0] [DEBUG] [HALRealTimeDriver] : [registerComponent:osh.busdriver.simulation.SimulationLoggerBusDriver@b6b1987 refreshFrequency:1]
[7b82] [LOGGING] [0] [DEBUG] [HALRealTimeDriver] : [registerComponent:osh.mgmt.commanager.GuiComManager@6b44435b refreshFrequency:1]
[7b82] [LOGGING] [0] [DEBUG] [HALRealTimeDriver] : [registerComponent:osh.comdriver.simulation.GuiComDriver@18cebaa5 refreshFrequency:1]
[7b82] [LOGGING] [0] [INFO] [EpsProviderComManager] : [SmartHome received new EPS signal...]
[7b82] [LOGGING] [0] [DEBUG] [HALRealTimeDriver] : [registerComponent:osh.comdriver.WIKHourlyBasedEpsProviderComDriver@5bd82fed refreshFrequency:1]
[7b82] [LOGGING] [0] [INFO] [PlsProviderComManager] : [SmartHome received new PLS signal...]
[7b82] [LOGGING] [0] [DEBUG] [HALRealTimeDriver] : [registerComponent:osh.comdriver.FlatPlsProviderComDriver@1c6804cd refreshFrequency:1]
[7b82] [LOGGING] [0] [INFO] [OSHLifeCycleManager] : [...switching to SYSTEM_IS_UP]
[7b82] [LOGGING] [0] [INFO] [OSHLifeCycleManager] : [...Organic Smart Home is up!]
[7b82] [LOGGING] [0] [INFO] [OSHLifeCycleManager] : [...switching to SYSTEM_RUNNING]
[7b82] [LOGGING] [0] [INFO] [OSHLifeCycleManager] : [... sim started]
[7b82] [LOGGING] [0] [DEBUG] [HALRealTimeDriver] : [updateTimer(0)]
[7b82] [LOGGING] [0] [DEBUG] [FutureApplianceLocalObserver] : [INDUCTIONCOOKTOP : changed state from state: null to state: OFF]
[7b82] [LOGGING] [0] [DEBUG] [GenericFutureApplianceSimulationDriver] : [UUID=00000000-4d49-4d49-4948-000000000000 DeviceType=INDUCTIONCOOKTOP Start=77931 DoF=0]
[7b82] [LOGGING] [0] [DEBUG] [FutureApplianceLocalObserver] : [DISHWASHER : changed state from state: null to state: OFF]
[7b82] [LOGGING] [0] [DEBUG] [GenericFutureApplianceSimulationDriver] : [UUID=00000000-4d49-4d49-4457-000000000000 DeviceType=DISHWASHER Start=67867 DoF=22500]
[7b82] [LOGGING] [0] [DEBUG] [FutureApplianceLocalObserver] : [ELECTRICSTOVE : changed state from state: null to state: OFF]
[7b82] [LOGGING] [0] [DEBUG] [FutureApplianceLocalObserver] : [DRYER : changed state from state: null to state: OFF]
[7b82] [LOGGING] [0] [DEBUG] [GenericFutureApplianceSimulationDriver] : [UUID=00000000-4d49-4d49-5444-000000000000 DeviceType=DRYER Start=64783 DoF=20700]
[7b82] [LOGGING] [0] [DEBUG] [FutureApplianceLocalObserver] : [WASHINGMACHINE : changed state from state: null to state: OFF]
[7b82] [LOGGING] [0] [DEBUG] [GenericFutureApplianceSimulationDriver] : [UUID=00000000-4d49-4d49-574d-000000000000 DeviceType=WASHINGMACHINE Start=68194 DoF=18000]
