[LOGGING] [-1] [INFO] [OSHLifeCycleManager] : [Using random seed 0xd1ce5b]
[7b82] [LOGGING] [-1] [INFO] [OSHLifeCycleManager] : [...starting EAL-layer]
[7b82] [LOGGING] [-1] [INFO] [HALManager] : [...loading EAL configuration]
[7b82] [LOGGING] [0] [INFO] [HALManager] : [...creating EAL-BUS-devices...]
[7b82] [LOGGING] [0] [INFO] [HALManager] : [AssignedBusDevice - UUID - 00000000-c306-4fea-a487-1c48adc52ad4 - BusManager loaded ...... [OK]]
[7b82] [LOGGING] [0] [INFO] [HALManager] : [AssignedBusDevice - UUID - 00000000-c306-4fea-a487-1c48adc52ad4 - BusDriver loaded ...... [OK]]
[7b82] [LOGGING] [0] [INFO] [HALManager] : [...creating EAL-BUS-devices... [DONE]]
[7b82] [LOGGING] [0] [INFO] [HALManager] : [...creating EAL-device-drivers]
[7b82] [LOGGING] [0] [INFO] [HALManager] : [BaseloadSimulationDriver - UUID - 00000000-0000-5348-424c-000000000000 - Driver loaded ...... [OK]]
[7b82] [LOGGING] [0] [INFO] [HALManager] : [BaseloadSimulationDriver - UUID - 00000000-0000-5348-424c-000000000000 - LocalObserver loaded ...... [OK]]
[7b82] [LOGGING] [0] [DEBUG] [GenericFutureApplianceSimulationDriver] : [null : performAction: change from null to OFF (00000000-4d49-4d49-4948-000000000000)]
[7b82] [LOGGING] [0] [DEBUG] [GenericFutureApplianceSimulationDriver] : [null : switched OFF @0]
[7b82] [LOGGING] [0] [INFO] [HALManager] : [GenericFutureApplianceSimulationDriver - UUID - 00000000-4d49-4d49-4948-000000000000 - Driver loaded ...... [OK]]
[7b82] [LOGGING] [0] [INFO] [HALManager] : [GenericFutureApplianceSimulationDriver - UUID - 00000000-4d49-4d49-4948-000000000000 - LocalController loaded ...... [OK]]
[7b82] [LOGGING] [0] [INFO] [HALManager] : [GenericFutureApplianceSimulationDriver - UUID - 00000000-4d49-4d49-4948-000000000000 - LocalObserver loaded ...... [OK]]
[7b82] [LOGGING] [0] [DEBUG] [GenericFutureApplianceSimulationDriver] : [null : performAction: change from null to OFF (00000000-4d49-4d49-4457-000000000000)]
[7b82] [LOGGING] [0] [DEBUG] [GenericFutureApplianceSimulationDriver] : [null : switched OFF @0]
[7b82] [LOGGING] [0] [INFO] [HALManager] : [GenericFutureApplianceSimulationDriver - UUID - 00000000-4d49-4d49-4457-000000000000 - Driver loaded ...... [OK]]
[7b82] [LOGGING] [0] [INFO] [HALManager] : [GenericFutureApplianceSimulationDriver - UUID - 00000000-4d49-4d49-4457-000000000000 - LocalController loaded ...... [OK]]
[7b82] [LOGGING] [0] [INFO] [HALManager] : [GenericFutureApplianceSimulationDriver - UUID - 00000000-4d49-4d49-4457-000000000000 - LocalObserver loaded ...... [OK]]
[7b82] [LOGGING] [0] [DEBUG] [GenericFutureApplianceSimulationDriver] : [null : performAction: change from null to OFF (00000000-4d49-4d49-4f56-000000000000)]
[7b82] [LOGGING] [0] [DEBUG] [GenericFutureApplianceSimulationDriver] : [null : switched OFF @0]
[7b82] [LOGGING] [0] [INFO] [HALManager] : [GenericFutureApplianceSimulationDriver - UUID - 00000000-4d49-4d49-4f56-000000000000 - Driver loaded ...... [OK]]
[7b82] [LOGGING] [0] [INFO] [HALManager] : [GenericFutureApplianceSimulationDriver - UUID - 00000000-4d49-4d49-4f56-000000000000 - LocalController loaded ...... [OK]]
[7b82] [LOGGING] [0] [INFO] [HALManager] : [GenericFutureApplianceSimulationDriver - UUID - 00000000-4d49-4d49-4f56-000000000000 - LocalObserver loaded ...... [OK]]
[7b82] [LOGGING] [0] [DEBUG] [GenericFutureApplianceSimulationDriver] : [null : performAction: change from null to OFF (00000000-4d49-4d49-5444-000000000000)]
[7b82] [LOGGING] [0] [DEBUG] [GenericFutureApplianceSimulationDriver] : [null : switched OFF @0]
[7b82] [LOGGING] [0] [INFO] [HALManager] : [GenericFutureApplianceSimulationDriver - UUID - 00000000-4d49-4d49-5444-000000000000 - Driver loaded ...... [OK]]
[7b82] [LOGGING] [0] [INFO] [HALManager] : [GenericFutureApplianceSimulationDriver - UUID - 00000000-4d49-4d49-5444-000000000000 - LocalController loaded ...... [OK]]
[7b82] [LOGGING] [0] [INFO] [HALManager] : [GenericFutureApplianceSimulationDriver - UUID - 00000000-4d49-4d49-5444-000000000000 - LocalObserver loaded ...... [OK]]
[7b82] [LOGGING] [0] [DEBUG] [GenericFutureApplianceSimulationDriver] : [null : performAction: change from null to OFF (00000000-4d49-4d49-574d-000000000000)]
[7b82] [LOGGING] [0] [DEBUG] [GenericFutureApplianceSimulationDriver] : [null : switched OFF @0]
[7b82] [LOGGING] [0] [INFO] [HALManager] : [GenericFutureApplianceSimulationDriver - UUID - 00000000-4d49-4d49-574d-000000000000 - Driver loaded ...... [OK]]
[7b82] [LOGGING] [0] [INFO] [HALManager] : [GenericFutureApplianceSimulationDriver - UUID - 00000000-4d49-4d49-574d-000000000000 - LocalController loaded ...... [OK]]
[7b82] [LOGGING] [0] [INFO] [HALManager] : [GenericFutureApplianceSimulationDriver - UUID - 00000000-4d49-4d49-574d-000000000000 - LocalObserver loaded ...... [OK]]
[7b82] [LOGGING] [0] [INFO] [HALManager] : [PvSimulationDriverHollData - UUID - 484f4c4c-0000-0000-5056-000000000000 - Driver loaded ...... [OK]]
[7b82] [LOGGING] [0] [INFO] [HALManager] : [PvSimulationDriverHollData - UUID - 484f4c4c-0000-0000-5056-000000000000 - LocalObserver loaded ...... [OK]]
[7b82] [LOGGING] [0] [INFO] [HALManager] : [DachsChpSimulationDriver - UUID - 44414348-5300-0043-4850-000000000000 - Driver loaded ...... [OK]]
[7b82] [LOGGING] [0] [INFO] [HALManager] : [DachsChpSimulationDriver - UUID - 44414348-5300-0043-4850-000000000000 - LocalController loaded ...... [OK]]
[7b82] [LOGGING] [0] [INFO] [HALManager] : [DachsChpSimulationDriver - UUID - 44414348-5300-0043-4850-000000000000 - LocalObserver loaded ...... [OK]]
[7b82] [LOGGING] [0] [INFO] [HALManager] : [HotWaterTankSimulationDriver - UUID - 00000000-0000-4857-4853-000000000000 - Driver loaded ...... [OK]]
[7b82] [LOGGING] [0] [INFO] [HALManager] : [HotWaterTankSimulationDriver - UUID - 00000000-0000-4857-4853-000000000000 - LocalObserver loaded ...... [OK]]
[7b82] [LOGGING] [0] [INFO] [HALManager] : [VDI6002DomesticHotWaterSimulationDriver - UUID - 00000000-0000-5348-4448-000000000000 - Driver loaded ...... [OK]]
[7b82] [LOGGING] [0] [INFO] [HALManager] : [VDI6002DomesticHotWaterSimulationDriver - UUID - 00000000-0000-5348-4448-000000000000 - LocalObserver loaded ...... [OK]]
[7b82] [LOGGING] [0] [INFO] [HALManager] : [ESHLSpaceHeatingSimulationDriver - UUID - 00000000-0000-5348-5348-000000000000 - Driver loaded ...... [OK]]
[7b82] [LOGGING] [0] [INFO] [HALManager] : [ESHLSpaceHeatingSimulationDriver - UUID - 00000000-0000-5348-5348-000000000000 - LocalObserver loaded ...... [OK]]
[7b82] [LOGGING] [0] [INFO] [HALManager] : [GasBoilerSimulationDriver - UUID - 00000000-0000-5748-4748-000000000000 - Driver loaded ...... [OK]]
[7b82] [LOGGING] [0] [INFO] [HALManager] : [GasBoilerSimulationDriver - UUID - 00000000-0000-5748-4748-000000000000 - LocalObserver loaded ...... [OK]]
[7b82] [LOGGING] [0] [INFO] [HALManager] : [...creating EAL-device-drivers... [DONE]]
[7b82] [LOGGING] [0] [INFO] [HALManager] : [...creating EAL-SimulationEngine...]
[7b82] [LOGGING] [0] [INFO] [HALManager] : [...creating EAL-SimulationEngine... [DONE]]
[7b82] [LOGGING] [0] [INFO] [HALManager] : [...EAL-layer is up!]
[7b82] [LOGGING] [0] [INFO] [OSHLifeCycleManager] : [...starting O/C-layer]
[7b82] [LOGGING] [0] [INFO] [OCManager] : [...initializing OC Manager of Organic Smart Home]
[7b82] [LOGGING] [0] [INFO] [OCManager] : [...creating local units]
[7b82] [LOGGING] [0] [INFO] [OCManager] : [...creating global O/C-units]
[7b82] [LOGGING] [0] [DEBUG] [OSHGlobalControllerJMetal] : [Optimization StepSize = 60]
[7b82] [LOGGING] [0] [INFO] [OSHLifeCycleManager] : [...starting CAL-layer]
[7b82] [LOGGING] [0] [INFO] [CALManager] : [...creating CAL-COM-devices...]
[7b82] [LOGGING] [0] [INFO] [CALManager] : [AssignedComDevice - UUID - 6e95bc70-57cb-11e1-b86c-0800200c9a66 - ComManager loaded ...... [OK]]
[7b82] [LOGGING] [0] [INFO] [CALManager] : [AssignedComDevice - UUID - 6e95bc70-57cb-11e1-b86c-0800200c9a66 - ComDriver loaded ...... [OK]]
[7b82] [LOGGING] [0] [INFO] [CALManager] : [AssignedComDevice - UUID - 0909624f-c281-4713-8bbf-a8eaf3f8e7d6 - ComManager loaded ...... [OK]]
[7b82] [LOGGING] [0] [INFO] [CALManager] : [AssignedComDevice - UUID - 0909624f-c281-4713-8bbf-a8eaf3f8e7d6 - ComDriver loaded ...... [OK]]
[7b82] [LOGGING] [0] [INFO] [CALManager] : [AssignedComDevice - UUID - 99999999-c281-4713-8bbf-a8eaf3f8e7d6 - ComManager loaded ...... [OK]]
[7b82] [LOGGING] [0] [INFO] [CALManager] : [AssignedComDevice - UUID - 99999999-c281-4713-8bbf-a8eaf3f8e7d6 - ComDriver loaded ...... [OK]]
[7b82] [LOGGING] [0] [INFO] [CALManager] : [...creating CAL-COM-devices... [DONE]]
[7b82] [LOGGING] [0] [INFO] [CALManager] : [...CAL-layer is up!]
[7b82] [LOGGING] [0] [DEBUG] [HALRealTimeDriver] : [registerComponent:osh.mgmt.localcontroller.FutureApplianceLocalController@43aaf813 refreshFrequency:1]
[7b82] [LOGGING] [0] [DEBUG] [HALRealTimeDriver] : [registerComponent:osh.mgmt.localcontroller.FutureApplianceLocalController@e98770d refreshFrequency:1]
[7b82] [LOGGING] [0] [DEBUG] [HALRealTimeDriver] : [registerComponent:osh.mgmt.localcontroller.FutureApplianceLocalController@1ae67cad refreshFrequency:1]
[7b82] [LOGGING] [0] [DEBUG] [HALRealTimeDriver] : [registerComponent:osh.mgmt.localcontroller.FutureApplianceLocalController@2f6e28bc refreshFrequency:1]
[7b82] [LOGGING] [0] [DEBUG] [HALRealTimeDriver] : [registerComponent:osh.mgmt.localcontroller.FutureApplianceLocalController@7c098bb3 refreshFrequency:1]
[7b82] [LOGGING] [0] [DEBUG] [HALRealTimeDriver] : [registerComponent:osh.mgmt.localobserver.DachsChpLocalObserver@31e4bb20 refreshFrequency:1]
[7b82] [LOGGING] [0] [DEBUG] [HALRealTimeDriver] : [registerComponent:osh.mgmt.localcontroller.DachsChpLocalController@18cebaa5 refreshFrequency:1]
[7b82] [LOGGING] [0] [DEBUG] [HALRealTimeDriver] : [registerComponent:osh.mgmt.localobserver.HotWaterTankLocalObserver@463b4ac8 refreshFrequency:1]
[7b82] [LOGGING] [0] [DEBUG] [HALRealTimeDriver] : [registerComponent:osh.mgmt.localobserver.NonControllableGasBoilerLocalObserver@f001896 refreshFrequency:1]
[7b82] [LOGGING] [0] [DEBUG] [HALRealTimeDriver] : [registerComponent:osh.mgmt.globalobserver.OSHGlobalObserver@13f17eb4 refreshFrequency:1]
[7b82] [LOGGING] [0] [DEBUG] [HALRealTimeDriver] : [registerComponent:osh.mgmt.globalcontroller.OSHGlobalControllerJMetal@5c153b9e refreshFrequency:1]
[7b82] [LOGGING] [0] [DEBUG] [HALRealTimeDriver] : [registerComponent:osh.mgmt.busmanager.simulation.SimulationLoggerBusManager@758a34ce refreshFrequency:1]
[7b82] [LOGGING] [0] [DEBUG] [HALRealTimeDriver] : [registerComponent:osh.busdriver.simulation.SimulationLoggerBusDriver@bff34c6 refreshFrequency:1]
[7b82] [LOGGING] [0] [DEBUG] [HALRealTimeDriver] : [registerComponent:osh.mgmt.commanager.GuiComManager@1522d8a0 refreshFrequency:1]
[7b82] [LOGGING] [0] [DEBUG] [HALRealTimeDriver] : [registerComponent:osh.comdriver.simulation.GuiComDriver@6475472c refreshFrequency:1]
[7b82] [LOGGING] [0] [INFO] [EpsProviderComManager] : [SmartHome received new EPS signal...]
[7b82] [LOGGING] [0] [DEBUG] [HALRealTimeDriver] : [registerComponent:osh.comdriver.WIKHourlyBasedEpsProviderComDriver@625abb97 refreshFrequency:1]
[7b82] [LOGGING] [0] [INFO] [PlsProviderComManager] : [SmartHome received new PLS signal...]
[7b82] [LOGGING] [0] [DEBUG] [HALRealTimeDriver] : [registerComponent:osh.comdriver.FlatPlsProviderComDriver@40f70521 refreshFrequency:1]
[7b82] [LOGGING] [0] [INFO] [OSHLifeCycleManager] : [...switching to SYSTEM_IS_UP]
[7b82] [LOGGING] [0] [INFO] [OSHLifeCycleManager] : [...Organic Smart Home is up!]
[7b82] [LOGGING] [0] [INFO] [OSHLifeCycleManager] : [...switching to SYSTEM_RUNNING]
[7b82] [LOGGING] [0] [INFO] [OSHLifeCycleManager] : [... sim started]
[7b82] [LOGGING] [0] [DEBUG] [HALRealTimeDriver] : [updateTimer(0)]
[7b82] [LOGGING] [0] [DEBUG] [FutureApplianceLocalObserver] : [INDUCTIONCOOKTOP : changed state from state: null to state: OFF]
[7b82] [LOGGING] [0] [DEBUG] [GenericFutureApplianceSimulationDriver] : [UUID=00000000-4d49-4d49-4948-000000000000 DeviceType=INDUCTIONCOOKTOP Start=77931 DoF=0]
[7b82] [LOGGING] [0] [DEBUG] [FutureApplianceLocalObserver] : [DISHWASHER : changed state from state: null to state: OFF]
[7b82] [LOGGING] [0] [DEBUG] [GenericFutureApplianceSimulationDriver] : [UUID=00000000-4d49-4d49-4457-000000000000 DeviceType=DISHWASHER Start=67867 DoF=22500]
[7b82] [LOGGING] [0] [DEBUG] [FutureApplianceLocalObserver] : [ELECTRICSTOVE : changed state from state: null to state: OFF]
[7b82] [LOGGING] [0] [DEBUG] [FutureApplianceLocalObserver] : [DRYER : changed state from state: null to state: OFF]
[7b82] [LOGGING] [0] [DEBUG] [GenericFutureApplianceSimulationDriver] : [UUID=00000000-4d49-4d49-5444-000000000000 DeviceType=DRYER Start=64783 DoF=20700]
[7b82] [LOGGING] [0] [DEBUG] [FutureApplianceLocalObserver] : [WASHINGMACHINE : changed state from state: null to state: OFF]
[7b82] [LOGGING] [0] [DEBUG] [GenericFutureApplianceSimulationDriver] : [UUID=00000000-4d49-4d49-574d-000000000000 DeviceType=WASHINGMACHINE Start=68194 DoF=18000]
[7b82] [LOGGING] [68] [DEBUG] [OSHGlobalControllerJMetal] : [=== scheduling... ===]
[7b82] [LOGGING] [68] [DEBUG] [JMetalEnergySolverGA] : [Final Fitness: 874.7128833688537]
[7b82] [LOGGING] [68] [DEBUG] [OSHGlobalControllerJMetal] : [===    EA done    ===]
[7b82] [LOGGING] [68] [DEBUG] [DachsChpLocalController] : [starttimes: {14468 for 900, 44768 for 900}]
[7b82] [LOGGING] [3599] [DEBUG] [HALRealTimeDriver] : [updateTimer(3600)]
[7b82] [LOGGING] [5520] [DEBUG] [HotWaterTankLocalObserver] : [Temperature prediction was wrong by >2.5 degree for two consecutive minutes, reschedule]
[7b82] [LOGGING] [5521] [DEBUG] [OSHGlobalControllerJMetal] : [=== scheduling... ===]
[7b82] [LOGGING] [5521] [DEBUG] [JMetalEnergySolverGA] : [Final Fitness: 844.0397960188885]
[7b82] [LOGGING] [5521] [DEBUG] [OSHGlobalControllerJMetal] : [===    EA done    ===]
[7b82] [LOGGING] [5521] [DEBUG] [DachsChpLocalController] : [starttimes: {5821 for 1500, 25021 for 3000, 59521 for 1500, 65221 for 2100}]
[7b82] [LOGGING] [5821] [DEBUG] [DachsChpLocalController] : [CHP scheduled start at 5821 for: 1500]
[7b82] [LOGGING] [7199] [DEBUG] [HALRealTimeDriver] : [updateTimer(7200)]
[7b82] [LOGGING] [7322] [DEBUG] [DachsChpLocalController] : [CHP scheduled stop at 7322]
[7b82] [LOGGING] [10799] [DEBUG] [HALRealTimeDriver] : [updateTimer(10800)]
[7b82] [LOGGING] [14399] [DEBUG] [HALRealTimeDriver] : [updateTimer(14400)]
[7b82] [LOGGING] [15240] [DEBUG] [HotWaterTankLocalObserver] : [Temperature prediction was wrong by >2.5 degree for two consecutive minutes, reschedule]
[7b82] [LOGGING] [15241] [DEBUG] [OSHGlobalControllerJMetal] : [=== scheduling... ===]
[7b82] [LOGGING] [15241] [DEBUG] [JMetalEnergySolverGA] : [Final Fitness: 869.8426757444998]
[7b82] [LOGGING] [15241] [DEBUG] [OSHGlobalControllerJMetal] : [===    EA done    ===]
[7b82] [LOGGING] [15241] [DEBUG] [DachsChpLocalController] : [starttimes: {40441 for 1500, 50941 for 2100, 62341 for 1500, 67141 for 2400, 77041 for 1200}]
[7b82] [LOGGING] [15458] [DEBUG] [DachsChpLocalController] : [CHP forced on at 15458]
[7b82] [LOGGING] [15459] [DEBUG] [OSHGlobalControllerJMetal] : [=== scheduling... ===]
[7b82] [LOGGING] [15459] [DEBUG] [JMetalEnergySolverGA] : [Final Fitness: 869.1455254059229]
[7b82] [LOGGING] [15459] [DEBUG] [OSHGlobalControllerJMetal] : [===    EA done    ===]
[7b82] [LOGGING] [15459] [DEBUG] [DachsChpLocalController] : [starttimes: {15459 for 900, 22059 for 1500, 29259 for 1500, 43359 for 2400, 59859 for 2400, 67059 for 1500}]
